<?xml version="1.0" encoding="UTF-8"?>
<testsuite name="com.codedwebltd.charitypillar.CharitypillarApplicationTests" tests="1" skipped="0" failures="0" errors="0" timestamp="2024-10-25T10:40:53" hostname="CODEDWEB" time="0.893">
  <properties/>
  <testcase name="contextLoads()" classname="com.codedwebltd.charitypillar.CharitypillarApplicationTests" time="0.893"/>
  <system-out><![CDATA[06:40:34.508 [Test worker] INFO org.springframework.test.context.support.AnnotationConfigContextLoaderUtils -- Could not detect default configuration classes for test class [com.codedwebltd.charitypillar.CharitypillarApplicationTests]: CharitypillarApplicationTests does not declare any static, non-private, non-final, nested classes annotated with @Configuration.
06:40:34.825 [Test worker] INFO org.springframework.boot.test.context.SpringBootTestContextBootstrapper -- Found @SpringBootConfiguration com.codedwebltd.charitypillar.CharitypillarApplication for test class com.codedwebltd.charitypillar.CharitypillarApplicationTests

  .   ____          _            __ _ _
 /\\ / ___'_ __ _ _(_)_ __  __ _ \ \ \ \
( ( )\___ | '_ | '_| | '_ \/ _` | \ \ \ \
 \\/  ___)| |_)| | | | | || (_| |  ) ) ) )
  '  |____| .__|_| |_|_| |_\__, | / / / /
 =========|_|==============|___/=/_/_/_/

 :: Spring Boot ::                (v3.3.4)

2024-10-25T06:40:36.137-04:00  INFO 40984 --- [charitypillar] [    Test worker] c.c.c.CharitypillarApplicationTests      : Starting CharitypillarApplicationTests using Java 17.0.8 with PID 40984 (started by dakin in C:\Users\dakin\Desktop\charitypillar)
2024-10-25T06:40:36.141-04:00  INFO 40984 --- [charitypillar] [    Test worker] c.c.c.CharitypillarApplicationTests      : No active profile set, falling back to 1 default profile: "default"
2024-10-25T06:40:38.513-04:00  INFO 40984 --- [charitypillar] [    Test worker] .s.d.r.c.RepositoryConfigurationDelegate : Multiple Spring Data modules found, entering strict repository configuration mode
2024-10-25T06:40:38.517-04:00  INFO 40984 --- [charitypillar] [    Test worker] .s.d.r.c.RepositoryConfigurationDelegate : Bootstrapping Spring Data JDBC repositories in DEFAULT mode.
2024-10-25T06:40:38.613-04:00  INFO 40984 --- [charitypillar] [    Test worker] .RepositoryConfigurationExtensionSupport : Spring Data JDBC - Could not safely identify store assignment for repository candidate interface com.codedwebltd.charitypillar.Repository.TransactionRepository; If you want this repository to be a JDBC repository, consider annotating your entities with one of these annotations: org.springframework.data.relational.core.mapping.Table.
2024-10-25T06:40:38.615-04:00  INFO 40984 --- [charitypillar] [    Test worker] .s.d.r.c.RepositoryConfigurationDelegate : Finished Spring Data repository scanning in 80 ms. Found 0 JDBC repository interfaces.
2024-10-25T06:40:38.650-04:00  INFO 40984 --- [charitypillar] [    Test worker] .s.d.r.c.RepositoryConfigurationDelegate : Multiple Spring Data modules found, entering strict repository configuration mode
2024-10-25T06:40:38.653-04:00  INFO 40984 --- [charitypillar] [    Test worker] .s.d.r.c.RepositoryConfigurationDelegate : Bootstrapping Spring Data JPA repositories in DEFAULT mode.
2024-10-25T06:40:38.747-04:00  INFO 40984 --- [charitypillar] [    Test worker] .s.d.r.c.RepositoryConfigurationDelegate : Finished Spring Data repository scanning in 81 ms. Found 1 JPA repository interface.
2024-10-25T06:40:40.398-04:00  INFO 40984 --- [charitypillar] [    Test worker] o.hibernate.jpa.internal.util.LogHelper  : HHH000204: Processing PersistenceUnitInfo [name: default]
2024-10-25T06:40:40.910-04:00  INFO 40984 --- [charitypillar] [    Test worker] org.hibernate.Version                    : HHH000412: Hibernate ORM core version 6.5.3.Final
2024-10-25T06:40:41.083-04:00  INFO 40984 --- [charitypillar] [    Test worker] o.h.c.internal.RegionFactoryInitiator    : HHH000026: Second-level cache disabled
2024-10-25T06:40:42.180-04:00  INFO 40984 --- [charitypillar] [    Test worker] o.s.o.j.p.SpringPersistenceUnitInfo      : No LoadTimeWeaver setup: ignoring JPA class transformer
2024-10-25T06:40:42.269-04:00  INFO 40984 --- [charitypillar] [    Test worker] com.zaxxer.hikari.HikariDataSource       : HikariPool-1 - Starting...
2024-10-25T06:40:46.851-04:00  INFO 40984 --- [charitypillar] [    Test worker] com.zaxxer.hikari.pool.HikariPool        : HikariPool-1 - Added connection com.mysql.cj.jdbc.ConnectionImpl@e994ca
2024-10-25T06:40:46.864-04:00  INFO 40984 --- [charitypillar] [    Test worker] com.zaxxer.hikari.HikariDataSource       : HikariPool-1 - Start completed.
2024-10-25T06:40:47.264-04:00  WARN 40984 --- [charitypillar] [    Test worker] org.hibernate.orm.deprecation            : HHH90000025: MySQL8Dialect does not need to be specified explicitly using 'hibernate.dialect' (remove the property setting and it will be selected by default)
2024-10-25T06:40:47.266-04:00  WARN 40984 --- [charitypillar] [    Test worker] org.hibernate.orm.deprecation            : HHH90000026: MySQL8Dialect has been deprecated; use org.hibernate.dialect.MySQLDialect instead
2024-10-25T06:40:49.511-04:00  INFO 40984 --- [charitypillar] [    Test worker] o.h.e.t.j.p.i.JtaPlatformInitiator       : HHH000489: No JTA platform available (set 'hibernate.transaction.jta.platform' to enable JTA platform integration)
2024-10-25T06:40:50.293-04:00  INFO 40984 --- [charitypillar] [    Test worker] j.LocalContainerEntityManagerFactoryBean : Initialized JPA EntityManagerFactory for persistence unit 'default'
2024-10-25T06:40:51.378-04:00  WARN 40984 --- [charitypillar] [    Test worker] JpaBaseConfiguration$JpaWebConfiguration : spring.jpa.open-in-view is enabled by default. Therefore, database queries may be performed during view rendering. Explicitly configure spring.jpa.open-in-view to disable this warning
2024-10-25T06:40:53.207-04:00  INFO 40984 --- [charitypillar] [    Test worker] c.c.c.CharitypillarApplicationTests      : Started CharitypillarApplicationTests in 17.828 seconds (process running for 22.05)
]]></system-out>
  <system-err><![CDATA[]]></system-err>
</testsuite>
